-------------------------------------------------------------------------------
Test set: gui.MainTest_20230925104222195_5b22afca5e3b4601863d86f35ec61d1e
-------------------------------------------------------------------------------
Tests run: 1, Failures: 0, Errors: 1, Skipped: 0, Time elapsed: 8.728 s <<< FAILURE! - in gui.MainTest_20230925104222195_5b22afca5e3b4601863d86f35ec61d1e
integrationTest(gui.MainTest_20230925104222195_5b22afca5e3b4601863d86f35ec61d1e)  Time elapsed: 8.66 s  <<< ERROR!
org.testfx.api.FxRobotException: the query "ProductCatalog" returned no nodes.
	at gui.MainTest_20230925104222195_5b22afca5e3b4601863d86f35ec61d1e.lambda$17(MainTest_20230925104222195_5b22afca5e3b4601863d86f35ec61d1e.java:462)
	at gui.MainTest_20230925104222195_5b22afca5e3b4601863d86f35ec61d1e.showSystemState(MainTest_20230925104222195_5b22afca5e3b4601863d86f35ec61d1e.java:462)
	at gui.MainTest_20230925104222195_5b22afca5e3b4601863d86f35ec61d1e.integrationTest(MainTest_20230925104222195_5b22afca5e3b4601863d86f35ec61d1e.java:373)

