<?xml version="1.0" encoding="UTF-8"?>
<testsuite xmlns:xsi="http://www.w3.org/2001/XMLSchema-instance" xsi:noNamespaceSchemaLocation="https://maven.apache.org/surefire/maven-surefire-plugin/xsd/surefire-test-report.xsd" name="gui.MainTest_20230925110013793_a327b10d672e425aa8254c3ad5bbece7" time="30.601" tests="2" errors="2" skipped="0" failures="0">
  <properties>
    <property name="java.specification.version" value="21"/>
    <property name="sun.cpu.isalist" value="amd64"/>
    <property name="sun.jnu.encoding" value="GBK"/>
    <property name="java.class.path" value="D:\RM2PT-win32.win32.x86_64\runtime-EclipseApplication\CoCoMEPrototype\target\test-classes;D:\RM2PT-win32.win32.x86_64\runtime-EclipseApplication\CoCoMEPrototype\target\classes;C:\Users\Ab394\.m2\repository\org\testfx\testfx-core\4.0.16-alpha\testfx-core-4.0.16-alpha.jar;C:\Users\Ab394\.m2\repository\org\hamcrest\hamcrest-core\1.3\hamcrest-core-1.3.jar;C:\Users\Ab394\.m2\repository\org\assertj\assertj-core\3.13.2\assertj-core-3.13.2.jar;C:\Users\Ab394\.m2\repository\org\testfx\openjfx-monocle\jdk-11+26\openjfx-monocle-jdk-11+26.jar;C:\Users\Ab394\.m2\repository\org\openjfx\javafx-base\11-ea+25\javafx-base-11-ea+25-win.jar;C:\Users\Ab394\.m2\repository\org\openjfx\javafx-controls\11-ea+25\javafx-controls-11-ea+25-win.jar;C:\Users\Ab394\.m2\repository\org\openjfx\javafx-graphics\11-ea+25\javafx-graphics-11-ea+25-win.jar;C:\Users\Ab394\.m2\repository\org\openjfx\javafx-base\11-ea+25\javafx-base-11-ea+25.jar;C:\Users\Ab394\.m2\repository\junit\junit\4.13-beta-3\junit-4.13-beta-3.jar;C:\Users\Ab394\.m2\repository\org\testfx\testfx-junit\4.0.15-alpha\testfx-junit-4.0.15-alpha.jar;C:\Users\Ab394\.m2\repository\org\apache\commons\commons-lang3\3.8.1\commons-lang3-3.8.1.jar;C:\Users\Ab394\.m2\repository\org\kordamp\bootstrapfx\bootstrapfx-core\0.2.4\bootstrapfx-core-0.2.4.jar;C:\Users\Ab394\.m2\repository\org\openjfx\javafx-controls\15\javafx-controls-15.jar;C:\Users\Ab394\.m2\repository\org\openjfx\javafx-graphics\15\javafx-graphics-15.jar;C:\Users\Ab394\.m2\repository\org\openjfx\javafx-web\15\javafx-web-15.jar;C:\Users\Ab394\.m2\repository\org\openjfx\javafx-web\15\javafx-web-15-win.jar;C:\Users\Ab394\.m2\repository\org\openjfx\javafx-swing\15\javafx-swing-15.jar;C:\Users\Ab394\.m2\repository\org\openjfx\javafx-swing\15\javafx-swing-15-win.jar;C:\Users\Ab394\.m2\repository\org\openjfx\javafx-fxml\15\javafx-fxml-15.jar;C:\Users\Ab394\.m2\repository\org\openjfx\javafx-fxml\15\javafx-fxml-15-win.jar;C:\Users\Ab394\.m2\repository\org\openjfx\javafx-media\15\javafx-media-15.jar;C:\Users\Ab394\.m2\repository\org\openjfx\javafx-media\15\javafx-media-15-win.jar;C:\Users\Ab394\.m2\repository\com\sandec\jpro\jpro-webapi\2021.2.1\jpro-webapi-2021.2.1.jar;C:\Users\Ab394\.m2\repository\org\yaml\snakeyaml\1.26\snakeyaml-1.26.jar;C:\Users\Ab394\.m2\repository\org\json\json\20160810\json-20160810.jar;C:\Users\Ab394\.m2\repository\com\google\code\gson\gson\2.8.3\gson-2.8.3.jar;"/>
    <property name="java.vm.vendor" value="Oracle Corporation"/>
    <property name="sun.arch.data.model" value="64"/>
    <property name="user.variant" value=""/>
    <property name="java.vendor.url" value="https://java.oracle.com/"/>
    <property name="user.timezone" value="Asia/Shanghai"/>
    <property name="os.name" value="Windows 11"/>
    <property name="java.vm.specification.version" value="21"/>
    <property name="sun.java.launcher" value="SUN_STANDARD"/>
    <property name="user.country" value="CN"/>
    <property name="sun.boot.library.path" value="D:\jdk-21\bin"/>
    <property name="sun.java.command" value="C:\Users\Ab394\AppData\Local\Temp\surefire8661486978895338053\surefirebooter9454932417681963950.jar C:\Users\Ab394\AppData\Local\Temp\surefire8661486978895338053 2023-10-03T09-46-55_228-jvmRun1 surefire7276407841777901674tmp surefire_016787700042520303653tmp"/>
    <property name="jdk.debug" value="release"/>
    <property name="surefire.test.class.path" value="D:\RM2PT-win32.win32.x86_64\runtime-EclipseApplication\CoCoMEPrototype\target\test-classes;D:\RM2PT-win32.win32.x86_64\runtime-EclipseApplication\CoCoMEPrototype\target\classes;C:\Users\Ab394\.m2\repository\org\testfx\testfx-core\4.0.16-alpha\testfx-core-4.0.16-alpha.jar;C:\Users\Ab394\.m2\repository\org\hamcrest\hamcrest-core\1.3\hamcrest-core-1.3.jar;C:\Users\Ab394\.m2\repository\org\assertj\assertj-core\3.13.2\assertj-core-3.13.2.jar;C:\Users\Ab394\.m2\repository\org\testfx\openjfx-monocle\jdk-11+26\openjfx-monocle-jdk-11+26.jar;C:\Users\Ab394\.m2\repository\org\openjfx\javafx-base\11-ea+25\javafx-base-11-ea+25-win.jar;C:\Users\Ab394\.m2\repository\org\openjfx\javafx-controls\11-ea+25\javafx-controls-11-ea+25-win.jar;C:\Users\Ab394\.m2\repository\org\openjfx\javafx-graphics\11-ea+25\javafx-graphics-11-ea+25-win.jar;C:\Users\Ab394\.m2\repository\org\openjfx\javafx-base\11-ea+25\javafx-base-11-ea+25.jar;C:\Users\Ab394\.m2\repository\junit\junit\4.13-beta-3\junit-4.13-beta-3.jar;C:\Users\Ab394\.m2\repository\org\testfx\testfx-junit\4.0.15-alpha\testfx-junit-4.0.15-alpha.jar;C:\Users\Ab394\.m2\repository\org\apache\commons\commons-lang3\3.8.1\commons-lang3-3.8.1.jar;C:\Users\Ab394\.m2\repository\org\kordamp\bootstrapfx\bootstrapfx-core\0.2.4\bootstrapfx-core-0.2.4.jar;C:\Users\Ab394\.m2\repository\org\openjfx\javafx-controls\15\javafx-controls-15.jar;C:\Users\Ab394\.m2\repository\org\openjfx\javafx-graphics\15\javafx-graphics-15.jar;C:\Users\Ab394\.m2\repository\org\openjfx\javafx-web\15\javafx-web-15.jar;C:\Users\Ab394\.m2\repository\org\openjfx\javafx-web\15\javafx-web-15-win.jar;C:\Users\Ab394\.m2\repository\org\openjfx\javafx-swing\15\javafx-swing-15.jar;C:\Users\Ab394\.m2\repository\org\openjfx\javafx-swing\15\javafx-swing-15-win.jar;C:\Users\Ab394\.m2\repository\org\openjfx\javafx-fxml\15\javafx-fxml-15.jar;C:\Users\Ab394\.m2\repository\org\openjfx\javafx-fxml\15\javafx-fxml-15-win.jar;C:\Users\Ab394\.m2\repository\org\openjfx\javafx-media\15\javafx-media-15.jar;C:\Users\Ab394\.m2\repository\org\openjfx\javafx-media\15\javafx-media-15-win.jar;C:\Users\Ab394\.m2\repository\com\sandec\jpro\jpro-webapi\2021.2.1\jpro-webapi-2021.2.1.jar;C:\Users\Ab394\.m2\repository\org\yaml\snakeyaml\1.26\snakeyaml-1.26.jar;C:\Users\Ab394\.m2\repository\org\json\json\20160810\json-20160810.jar;C:\Users\Ab394\.m2\repository\com\google\code\gson\gson\2.8.3\gson-2.8.3.jar;"/>
    <property name="sun.cpu.endian" value="little"/>
    <property name="user.home" value="C:\Users\Ab394"/>
    <property name="user.language" value="zh"/>
    <property name="java.specification.vendor" value="Oracle Corporation"/>
    <property name="java.version.date" value="2023-09-19"/>
    <property name="java.home" value="D:\jdk-21"/>
    <property name="file.separator" value="\"/>
    <property name="basedir" value="D:\RM2PT-win32.win32.x86_64\runtime-EclipseApplication\CoCoMEPrototype"/>
    <property name="java.vm.compressedOopsMode" value="Zero based"/>
    <property name="line.separator" value="&#10;"/>
    <property name="java.vm.specification.vendor" value="Oracle Corporation"/>
    <property name="java.specification.name" value="Java Platform API Specification"/>
    <property name="surefire.real.class.path" value="C:\Users\Ab394\AppData\Local\Temp\surefire8661486978895338053\surefirebooter9454932417681963950.jar"/>
    <property name="user.script" value=""/>
    <property name="sun.management.compiler" value="HotSpot 64-Bit Tiered Compilers"/>
    <property name="java.runtime.version" value="21+35-LTS-2513"/>
    <property name="user.name" value="hath"/>
    <property name="stdout.encoding" value="GBK"/>
    <property name="path.separator" value=";"/>
    <property name="os.version" value="10.0"/>
    <property name="java.runtime.name" value="Java(TM) SE Runtime Environment"/>
    <property name="file.encoding" value="UTF-8"/>
    <property name="java.vm.name" value="Java HotSpot(TM) 64-Bit Server VM"/>
    <property name="localRepository" value="C:\Users\Ab394\.m2\repository"/>
    <property name="java.vendor.url.bug" value="https://bugreport.java.com/bugreport/"/>
    <property name="java.io.tmpdir" value="C:\Users\Ab394\AppData\Local\Temp\"/>
    <property name="java.version" value="21"/>
    <property name="user.dir" value="D:\RM2PT-win32.win32.x86_64\runtime-EclipseApplication\CoCoMEPrototype"/>
    <property name="os.arch" value="amd64"/>
    <property name="java.vm.specification.name" value="Java Virtual Machine Specification"/>
    <property name="sun.os.patch.level" value=""/>
    <property name="native.encoding" value="GBK"/>
    <property name="java.library.path" value="D:\jdk-21\bin;C:\Windows\Sun\Java\bin;C:\Windows\system32;C:\Windows;D:/jdk-21/bin/server;D:/jdk-21/bin;C:\Program Files\Common Files\Oracle\Java\javapath;C:\Windows\system32;C:\Windows;C:\Windows\System32\Wbem;C:\Windows\System32\WindowsPowerShell\v1.0\;C:\Windows\System32\OpenSSH\;D:\JetBrains Toolbox\scripts;D:\Python311;D:\Python311\Scripts;D:\pypy3.10-v7.3.12-win64;D:\python310;D:\msys64\mingw64\bin\;C:\Program Files\dotnet\;D:\mysql-8.1.0-winx64\bin;D:\kotlinc\bin;D:\apache-maven-3.9.2\bin;D:\apache-tomcat-9.0.75\bin;D:\Prince\engine\bin;D:\nodejs\;C:\ProgramData\chocolatey\bin;D:\ffmepg\bin;D:\apache-tomcat-9.0.75\common\lib\servlet-api.jar;D:\jdk-21\bin;D:\MATLAB\R2023a\runtime\win64;D:\MATLAB\R2023a\bin;D:\msys64\usr\bin;C:\Program Files (x86)\ZeroTier\One\;D:\Git\cmd;C:\Program Files\NVIDIA Corporation\NVIDIA NvDLISR;C:\Program Files (x86)\NVIDIA Corporation\PhysX\Common;D:\Python311\Scripts\;D:\Python311\;C:\Users\Ab394\AppData\Local\Programs\Python\Launcher\;D:\Ruby32-x64\bin;C:\Users\Ab394\AppData\Local\Microsoft\WindowsApps;C:\Users\Ab394\AppData\Local\JetBrains\Toolbox\scripts;D:\Microsoft VS Code\bin;C:\Users\Ab394\.dotnet\tools;C:\Users\Ab394\AppData\Local\Pandoc\;C:\Program Files (x86)\Tencent\QQGameTempest\Hall.57915\;C:\Users\Ab394\.dotnet\tools;C:\Users\Ab394\AppData\Roaming\npm;D:\Graphviz\bin;D:\texlive\bin\windows;D:\RM2PT-win32.win32.x86_64;;."/>
    <property name="java.vm.info" value="mixed mode, sharing"/>
    <property name="stderr.encoding" value="GBK"/>
    <property name="java.vendor" value="Oracle Corporation"/>
    <property name="java.vm.version" value="21+35-LTS-2513"/>
    <property name="sun.io.unicode.encoding" value="UnicodeLittle"/>
    <property name="java.class.version" value="65.0"/>
  </properties>
  <testcase name="integrationTest" classname="gui.MainTest_20230925110013793_a327b10d672e425aa8254c3ad5bbece7" time="30.535">
    <error type="java.util.concurrent.TimeoutException">java.util.concurrent.TimeoutException
</error>
    <system-err><![CDATA[--- Exception in Async Thread ---
java.util.NoSuchElementException: No value present
	java.base/java.util.Optional.get(Optional.java:143)
	gui.MainTest_20230925110013793_a327b10d672e425aa8254c3ad5bbece7.start(MainTest_20230925110013793_a327b10d672e425aa8254c3ad5bbece7.java:74)
	org.testfx.framework.junit.ApplicationAdapter.start(ApplicationAdapter.java:41)
	org.testfx.toolkit.impl.ApplicationServiceImpl.lambda$start$0(ApplicationServiceImpl.java:49)
	java.base/java.util.concurrent.FutureTask.run(FutureTask.java:317)
	com.sun.javafx.application.PlatformImpl.lambda$runLater$10(PlatformImpl.java:428)
	java.base/java.security.AccessController.doPrivileged(AccessController.java:400)
	com.sun.javafx.application.PlatformImpl.lambda$runLater$11(PlatformImpl.java:427)
	com.sun.glass.ui.InvokeLaterDispatcher$Future.run(InvokeLaterDispatcher.java:96)
	com.sun.glass.ui.win.WinApplication._runLoop(Native Method)
	com.sun.glass.ui.win.WinApplication.lambda$runLoop$3(WinApplication.java:174)
	java.base/java.lang.Thread.run(Thread.java:1583)
--- Trace of caller of unhandled exception in Async Thread ---
	java.base/java.lang.Thread.getStackTrace(Thread.java:2450)
	org.testfx.util.WaitForAsyncUtils$ASyncFXCallable.<init>(WaitForAsyncUtils.java:649)
	org.testfx.util.WaitForAsyncUtils.asyncFx(WaitForAsyncUtils.java:257)
	org.testfx.toolkit.impl.ApplicationServiceImpl.start(ApplicationServiceImpl.java:48)
	org.testfx.toolkit.impl.ToolkitServiceImpl.lambda$setupApplication$6(ToolkitServiceImpl.java:127)
	java.base/java.util.concurrent.FutureTask.run(FutureTask.java:317)
	java.base/java.util.concurrent.Executors$RunnableAdapter.call(Executors.java:572)
	java.base/java.util.concurrent.FutureTask.run(FutureTask.java:317)
	java.base/java.util.concurrent.ThreadPoolExecutor.runWorker(ThreadPoolExecutor.java:1144)
	java.base/java.util.concurrent.ThreadPoolExecutor$Worker.run(ThreadPoolExecutor.java:642)
	java.base/java.lang.Thread.run(Thread.java:1583)

--- Exception in Async Thread ---
java.util.concurrent.ExecutionException: java.util.NoSuchElementException: No value present
	java.base/java.util.concurrent.FutureTask.report(FutureTask.java:122)
	java.base/java.util.concurrent.FutureTask.get(FutureTask.java:191)
	org.testfx.util.WaitForAsyncUtils$ASyncFXCallable.get(WaitForAsyncUtils.java:696)
	org.testfx.toolkit.impl.ToolkitServiceImpl.lambda$setupApplication$6(ToolkitServiceImpl.java:127)
	java.base/java.util.concurrent.FutureTask.run(FutureTask.java:317)
	java.base/java.util.concurrent.Executors$RunnableAdapter.call(Executors.java:572)
	java.base/java.util.concurrent.FutureTask.run(FutureTask.java:317)
	java.base/java.util.concurrent.ThreadPoolExecutor.runWorker(ThreadPoolExecutor.java:1144)
	java.base/java.util.concurrent.ThreadPoolExecutor$Worker.run(ThreadPoolExecutor.java:642)
	java.base/java.lang.Thread.run(Thread.java:1583)
java.util.NoSuchElementException: No value present
	java.base/java.util.Optional.get(Optional.java:143)
	gui.MainTest_20230925110013793_a327b10d672e425aa8254c3ad5bbece7.start(MainTest_20230925110013793_a327b10d672e425aa8254c3ad5bbece7.java:74)
	org.testfx.framework.junit.ApplicationAdapter.start(ApplicationAdapter.java:41)
	org.testfx.toolkit.impl.ApplicationServiceImpl.lambda$start$0(ApplicationServiceImpl.java:49)
	java.base/java.util.concurrent.FutureTask.run(FutureTask.java:317)
	com.sun.javafx.application.PlatformImpl.lambda$runLater$10(PlatformImpl.java:428)
	java.base/java.security.AccessController.doPrivileged(AccessController.java:400)
	com.sun.javafx.application.PlatformImpl.lambda$runLater$11(PlatformImpl.java:427)
	com.sun.glass.ui.InvokeLaterDispatcher$Future.run(InvokeLaterDispatcher.java:96)
	com.sun.glass.ui.win.WinApplication._runLoop(Native Method)
	com.sun.glass.ui.win.WinApplication.lambda$runLoop$3(WinApplication.java:174)
	java.base/java.lang.Thread.run(Thread.java:1583)
--- Trace of caller of unhandled exception in Async Thread ---
	java.base/java.lang.Thread.getStackTrace(Thread.java:2450)
	org.testfx.util.WaitForAsyncUtils$ASyncFXCallable.<init>(WaitForAsyncUtils.java:649)
	org.testfx.util.WaitForAsyncUtils.async(WaitForAsyncUtils.java:192)
	org.testfx.toolkit.impl.ToolkitServiceImpl.setupApplication(ToolkitServiceImpl.java:123)
	org.testfx.api.FxToolkit.setupApplication(FxToolkit.java:153)
	org.testfx.framework.junit.ApplicationTest.internalBefore(ApplicationTest.java:86)
	java.base/jdk.internal.reflect.DirectMethodHandleAccessor.invoke(DirectMethodHandleAccessor.java:103)
	java.base/java.lang.reflect.Method.invoke(Method.java:580)
	org.junit.runners.model.FrameworkMethod$1.runReflectiveCall(FrameworkMethod.java:59)
	org.junit.internal.runners.model.ReflectiveCallable.run(ReflectiveCallable.java:12)
	org.junit.runners.model.FrameworkMethod.invokeExplosively(FrameworkMethod.java:56)
	org.junit.internal.runners.statements.RunBefores.invokeMethod(RunBefores.java:33)
	org.junit.internal.runners.statements.RunBefores.evaluate(RunBefores.java:24)
	org.junit.internal.runners.statements.RunAfters.evaluate(RunAfters.java:27)
	org.junit.runners.ParentRunner$3.evaluate(ParentRunner.java:305)
	org.junit.runners.BlockJUnit4ClassRunner$1.evaluate(BlockJUnit4ClassRunner.java:100)
	org.junit.runners.ParentRunner.runLeaf(ParentRunner.java:365)
	org.junit.runners.BlockJUnit4ClassRunner.runChild(BlockJUnit4ClassRunner.java:103)
	org.junit.runners.BlockJUnit4ClassRunner.runChild(BlockJUnit4ClassRunner.java:63)
	org.junit.runners.ParentRunner$4.run(ParentRunner.java:330)
	org.junit.runners.ParentRunner$1.schedule(ParentRunner.java:78)
	org.junit.runners.ParentRunner.runChildren(ParentRunner.java:328)
	org.junit.runners.ParentRunner.access$100(ParentRunner.java:65)
	org.junit.runners.ParentRunner$2.evaluate(ParentRunner.java:292)
	org.junit.runners.ParentRunner$3.evaluate(ParentRunner.java:305)
	org.junit.runners.ParentRunner.run(ParentRunner.java:412)
	org.apache.maven.surefire.junit4.JUnit4Provider.execute(JUnit4Provider.java:365)
	org.apache.maven.surefire.junit4.JUnit4Provider.executeWithRerun(JUnit4Provider.java:273)
	org.apache.maven.surefire.junit4.JUnit4Provider.executeTestSet(JUnit4Provider.java:238)
	org.apache.maven.surefire.junit4.JUnit4Provider.invoke(JUnit4Provider.java:159)
	org.apache.maven.surefire.booter.ForkedBooter.invokeProviderInSameClassLoader(ForkedBooter.java:384)
	org.apache.maven.surefire.booter.ForkedBooter.runSuitesInProcess(ForkedBooter.java:345)
	org.apache.maven.surefire.booter.ForkedBooter.execute(ForkedBooter.java:126)
	org.apache.maven.surefire.booter.ForkedBooter.main(ForkedBooter.java:418)

]]></system-err>
  </testcase>
  <testcase name="integrationTest" classname="gui.MainTest_20230925110013793_a327b10d672e425aa8254c3ad5bbece7" time="30.536">
    <error message="No value present" type="java.util.NoSuchElementException">java.util.NoSuchElementException: No value present
</error>
  </testcase>
</testsuite>