<?xml version="1.0" encoding="UTF-8"?>
<testsuite xmlns:xsi="http://www.w3.org/2001/XMLSchema-instance" xsi:noNamespaceSchemaLocation="https://maven.apache.org/surefire/maven-surefire-plugin/xsd/surefire-test-report.xsd" name="gui.MainTest_20230925104222195_5b22afca5e3b4601863d86f35ec61d1e" time="8.728" tests="1" errors="1" skipped="0" failures="0">
  <properties>
[...]
</properties>
  <testcase name="integrationTest" classname="gui.MainTest_20230925104222195_5b22afca5e3b4601863d86f35ec61d1e" time="8.66">
    <error message="the query &quot;ProductCatalog&quot; returned no nodes." type="org.testfx.api.FxRobotException">org.testfx.api.FxRobotException: the query "ProductCatalog" returned no nodes.
	at gui.MainTest_20230925104222195_5b22afca5e3b4601863d86f35ec61d1e.lambda$17(MainTest_20230925104222195_5b22afca5e3b4601863d86f35ec61d1e.java:462)
	at gui.MainTest_20230925104222195_5b22afca5e3b4601863d86f35ec61d1e.showSystemState(MainTest_20230925104222195_5b22afca5e3b4601863d86f35ec61d1e.java:462)
	at gui.MainTest_20230925104222195_5b22afca5e3b4601863d86f35ec61d1e.integrationTest(MainTest_20230925104222195_5b22afca5e3b4601863d86f35ec61d1e.java:373)
</error>
    <system-out><![CDATA[services.impl.CoCoMESystemImpl@62e7a8f1
entities.Store@9e8cad4
services.impl.CoCoMESystemImpl@5a719dcf
null
null
refresh all
]]></system-out>
  </testcase>
</testsuite>